2026-05-10 21:38:23 - sqlalchemy.engine.Engine - INFO - BEGIN (implicit)
2026-05-10 21:38:23 - sqlalchemy.engine.Engine - INFO - PRAGMA main.table_info("categories")
2026-05-10 21:38:23 - sqlalchemy.engine.Engine - INFO - [raw sql] ()
2026-05-10 21:38:23 - sqlalchemy.engine.Engine - INFO - PRAGMA temp.table_info("categories")
2026-05-10 21:38:23 - sqlalchemy.engine.Engine - INFO - [raw sql] ()
2026-05-10 21:38:23 - sqlalchemy.engine.Engine - INFO - PRAGMA main.table_info("brands")
2026-05-10 21:38:23 - sqlalchemy.engine.Engine - INFO - [raw sql] ()
2026-05-10 21:38:23 - sqlalchemy.engine.Engine - INFO - PRAGMA temp.table_info("brands")
2026-05-10 21:38:23 - sqlalchemy.engine.Engine - INFO - [raw sql] ()
2026-05-10 21:38:23 - sqlalchemy.engine.Engine - INFO - PRAGMA main.table_info("products")
2026-05-10 21:38:23 - sqlalchemy.engine.Engine - INFO - [raw sql] ()
2026-05-10 21:38:23 - sqlalchemy.engine.Engine - INFO - PRAGMA temp.table_info("products")
2026-05-10 21:38:23 - sqlalchemy.engine.Engine - INFO - [raw sql] ()
2026-05-10 21:38:23 - sqlalchemy.engine.Engine - INFO - PRAGMA main.table_info("employees")
2026-05-10 21:38:23 - sqlalchemy.engine.Engine - INFO - [raw sql] ()
2026-05-10 21:38:23 - sqlalchemy.engine.Engine - INFO - PRAGMA temp.table_info("employees")
2026-05-10 21:38:23 - sqlalchemy.engine.Engine - INFO - [raw sql] ()
2026-05-10 21:38:23 - sqlalchemy.engine.Engine - INFO - PRAGMA main.table_info("statistics")
2026-05-10 21:38:23 - sqlalchemy.engine.Engine - INFO - [raw sql] ()
2026-05-10 21:38:23 - sqlalchemy.engine.Engine - INFO - PRAGMA temp.table_info("statistics")
2026-05-10 21:38:23 - sqlalchemy.engine.Engine - INFO - [raw sql] ()
2026-05-10 21:38:23 - sqlalchemy.engine.Engine - INFO - 
CREATE TABLE categories (
	id INTEGER NOT NULL, 
	name VARCHAR(100) NOT NULL, 
	parent_id INTEGER, 
	sort_order INTEGER, 
	created_at DATETIME DEFAULT (CURRENT_TIMESTAMP), 
	PRIMARY KEY (id), 
	FOREIGN KEY(parent_id) REFERENCES categories (id)
)


2026-05-10 21:38:23 - sqlalchemy.engine.Engine - INFO - [no key 0.00004s] ()
2026-05-10 21:38:23 - sqlalchemy.engine.Engine - INFO - CREATE INDEX ix_categories_id ON categories (id)
2026-05-10 21:38:23 - sqlalchemy.engine.Engine - INFO - [no key 0.00004s] ()
2026-05-10 21:38:23 - sqlalchemy.engine.Engine - INFO - 
CREATE TABLE brands (
	id INTEGER NOT NULL, 
	name VARCHAR(100) NOT NULL, 
	logo_url VARCHAR(500), 
	created_at DATETIME DEFAULT (CURRENT_TIMESTAMP), 
	PRIMARY KEY (id)
)


2026-05-10 21:38:23 - sqlalchemy.engine.Engine - INFO - [no key 0.00006s] ()
2026-05-10 21:38:23 - sqlalchemy.engine.Engine - INFO - CREATE INDEX ix_brands_id ON brands (id)
2026-05-10 21:38:23 - sqlalchemy.engine.Engine - INFO - [no key 0.00004s] ()
2026-05-10 21:38:23 - sqlalchemy.engine.Engine - INFO - 
CREATE TABLE employees (
	id INTEGER NOT NULL, 
	username VARCHAR(50) NOT NULL, 
	password_hash VARCHAR(255) NOT NULL, 
	role VARCHAR(6), 
	created_at DATETIME DEFAULT (CURRENT_TIMESTAMP), 
	PRIMARY KEY (id), 
	UNIQUE (username)
)


2026-05-10 21:38:23 - sqlalchemy.engine.Engine - INFO - [no key 0.00004s] ()
2026-05-10 21:38:23 - sqlalchemy.engine.Engine - INFO - CREATE INDEX ix_employees_id ON employees (id)
2026-05-10 21:38:23 - sqlalchemy.engine.Engine - INFO - [no key 0.00006s] ()
2026-05-10 21:38:23 - sqlalchemy.engine.Engine - INFO - 
CREATE TABLE products (
	id INTEGER NOT NULL, 
	name VARCHAR(200) NOT NULL, 
	model VARCHAR(100), 
	description TEXT, 
	price FLOAT NOT NULL, 
	size VARCHAR(50), 
	category_id INTEGER, 
	brand_id INTEGER, 
	images TEXT, 
	video_url VARCHAR(500), 
	is_active BOOLEAN, 
	created_at DATETIME DEFAULT (CURRENT_TIMESTAMP), 
	updated_at DATETIME DEFAULT (CURRENT_TIMESTAMP), 
	PRIMARY KEY (id), 
	FOREIGN KEY(category_id) REFERENCES categories (id), 
	FOREIGN KEY(brand_id) REFERENCES brands (id)
)


2026-05-10 21:38:23 - sqlalchemy.engine.Engine - INFO - [no key 0.00006s] ()
2026-05-10 21:38:23 - sqlalchemy.engine.Engine - INFO - CREATE INDEX ix_products_id ON products (id)
2026-05-10 21:38:23 - sqlalchemy.engine.Engine - INFO - [no key 0.00004s] ()
2026-05-10 21:38:23 - sqlalchemy.engine.Engine - INFO - 
CREATE TABLE statistics (
	id INTEGER NOT NULL, 
	product_id INTEGER NOT NULL, 
	type VARCHAR(8) NOT NULL, 
	count INTEGER, 
	date DATETIME DEFAULT (CURRENT_TIMESTAMP), 
	PRIMARY KEY (id), 
	FOREIGN KEY(product_id) REFERENCES products (id)
)


2026-05-10 21:38:23 - sqlalchemy.engine.Engine - INFO - [no key 0.00004s] ()
2026-05-10 21:38:23 - sqlalchemy.engine.Engine - INFO - CREATE INDEX ix_statistics_id ON statistics (id)
2026-05-10 21:38:23 - sqlalchemy.engine.Engine - INFO - [no key 0.00003s] ()
2026-05-10 21:38:23 - sqlalchemy.engine.Engine - INFO - COMMIT
2026-05-10 21:38:23 - root - INFO - Database tables created
2026-05-10 21:38:23 - root - INFO - MinIO connection verified, bucket: tiles
2026-05-10 21:38:52 - sqlalchemy.engine.Engine - INFO - BEGIN (implicit)
2026-05-10 21:38:52 - sqlalchemy.engine.Engine - INFO - PRAGMA main.table_info("categories")
2026-05-10 21:38:52 - sqlalchemy.engine.Engine - INFO - [raw sql] ()
2026-05-10 21:38:52 - sqlalchemy.engine.Engine - INFO - PRAGMA main.table_info("brands")
2026-05-10 21:38:52 - sqlalchemy.engine.Engine - INFO - [raw sql] ()
2026-05-10 21:38:52 - sqlalchemy.engine.Engine - INFO - PRAGMA main.table_info("products")
2026-05-10 21:38:52 - sqlalchemy.engine.Engine - INFO - [raw sql] ()
2026-05-10 21:38:52 - sqlalchemy.engine.Engine - INFO - PRAGMA main.table_info("employees")
2026-05-10 21:38:52 - sqlalchemy.engine.Engine - INFO - [raw sql] ()
2026-05-10 21:38:52 - sqlalchemy.engine.Engine - INFO - PRAGMA main.table_info("statistics")
2026-05-10 21:38:52 - sqlalchemy.engine.Engine - INFO - [raw sql] ()
2026-05-10 21:38:52 - sqlalchemy.engine.Engine - INFO - COMMIT
2026-05-10 21:38:52 - root - INFO - Database tables created
2026-05-10 21:38:52 - root - INFO - MinIO connection verified, bucket: tiles
2026-05-10 21:46:31 - sqlalchemy.engine.Engine - INFO - BEGIN (implicit)
2026-05-10 21:46:31 - sqlalchemy.engine.Engine - INFO - PRAGMA main.table_info("categories")
2026-05-10 21:46:31 - sqlalchemy.engine.Engine - INFO - [raw sql] ()
2026-05-10 21:46:31 - sqlalchemy.engine.Engine - INFO - PRAGMA main.table_info("brands")
2026-05-10 21:46:31 - sqlalchemy.engine.Engine - INFO - [raw sql] ()
2026-05-10 21:46:31 - sqlalchemy.engine.Engine - INFO - PRAGMA main.table_info("products")
2026-05-10 21:46:31 - sqlalchemy.engine.Engine - INFO - [raw sql] ()
2026-05-10 21:46:31 - sqlalchemy.engine.Engine - INFO - PRAGMA main.table_info("employees")
2026-05-10 21:46:31 - sqlalchemy.engine.Engine - INFO - [raw sql] ()
2026-05-10 21:46:31 - sqlalchemy.engine.Engine - INFO - PRAGMA main.table_info("statistics")
2026-05-10 21:46:31 - sqlalchemy.engine.Engine - INFO - [raw sql] ()
2026-05-10 21:46:31 - sqlalchemy.engine.Engine - INFO - COMMIT
2026-05-10 21:46:31 - root - INFO - Database tables created
2026-05-10 21:46:31 - root - INFO - MinIO connection verified, bucket: tiles
2026-05-10 21:46:49 - sqlalchemy.engine.Engine - INFO - BEGIN (implicit)
2026-05-10 21:46:49 - sqlalchemy.engine.Engine - INFO - PRAGMA main.table_info("categories")
2026-05-10 21:46:49 - sqlalchemy.engine.Engine - INFO - [raw sql] ()
2026-05-10 21:46:49 - sqlalchemy.engine.Engine - INFO - PRAGMA main.table_info("brands")
2026-05-10 21:46:49 - sqlalchemy.engine.Engine - INFO - [raw sql] ()
2026-05-10 21:46:49 - sqlalchemy.engine.Engine - INFO - PRAGMA main.table_info("products")
2026-05-10 21:46:49 - sqlalchemy.engine.Engine - INFO - [raw sql] ()
2026-05-10 21:46:49 - sqlalchemy.engine.Engine - INFO - PRAGMA main.table_info("employees")
2026-05-10 21:46:49 - sqlalchemy.engine.Engine - INFO - [raw sql] ()
2026-05-10 21:46:49 - sqlalchemy.engine.Engine - INFO - PRAGMA main.table_info("statistics")
2026-05-10 21:46:49 - sqlalchemy.engine.Engine - INFO - [raw sql] ()
2026-05-10 21:46:49 - sqlalchemy.engine.Engine - INFO - COMMIT
2026-05-10 21:46:49 - root - INFO - Database tables created
2026-05-10 21:46:49 - root - INFO - MinIO connection verified, bucket: tiles
